<?xml version="1.0"?>
<testsuite name="HeadlessChrome 77.0.3865 (Windows 10.0.0)" package="" timestamp="2019-10-15T14:36:58" id="0" hostname="BHARDY-DSKTP" tests="1" errors="0" failures="0" time="0.004">
  <properties>
    <property name="browser.fullName" value="Mozilla/5.0 (Windows NT 10.0; Win64; x64) AppleWebKit/537.36 (KHTML, like Gecko) HeadlessChrome/77.0.3865.90 Safari/537.36"/>
  </properties>
  <testcase name="Test Test" time="0.004" classname="HeadlessChrome_77_0_3865_(Windows_10_0_0).Test"/>
  <system-out>
    <![CDATA[
]]>
  </system-out>
  <system-err/>
</testsuite>