<?xml version="1.0"?>
<testsuite name="Firefox 69.0.0 (Windows 10.0.0)" package="" timestamp="2019-10-15T14:37:00" id="0" hostname="BHARDY-DSKTP" tests="1" errors="0" failures="0" time="0.003">
  <properties>
    <property name="browser.fullName" value="Mozilla/5.0 (Windows NT 10.0; Win64; x64; rv:69.0) Gecko/20100101 Firefox/69.0"/>
  </properties>
  <testcase name="Test Test" time="0.003" classname="Firefox_69_0_0_(Windows_10_0_0).Test"/>
  <system-out>
    <![CDATA[
]]>
  </system-out>
  <system-err/>
</testsuite>