<?xml version="1.0"?>
<testsuite name="IE 11.0.0 (Windows 10.0.0)" package="" timestamp="2019-10-15T14:36:56" id="0" hostname="BHARDY-DSKTP" tests="1" errors="0" failures="0" time="0.002">
  <properties>
    <property name="browser.fullName" value="Mozilla/5.0 (Windows NT 10.0; WOW64; Trident/7.0; .NET4.0C; .NET4.0E; .NET CLR 2.0.50727; .NET CLR 3.0.30729; .NET CLR 3.5.30729; wbx 1.0.0; rv:11.0) like Gecko"/>
  </properties>
  <testcase name="Test Test" time="0.002" classname="IE_11_0_0_(Windows_10_0_0).Test"/>
  <system-out>
    <![CDATA[
]]>
  </system-out>
  <system-err/>
</testsuite>